2024-07-02 23:07:834 INFO  BankManagerLoginPage :17 - click on login [[ChromeDriver: chrome on windows (3c46555d6d91c7ed9cdaecf62e03fa2e)] -> xpath: //button[contains(text(),'Bank Manager Login')]]
2024-07-02 23:07:406 INFO  AddCustomerPage :18 - click on add customer[[ChromeDriver: chrome on windows (3c46555d6d91c7ed9cdaecf62e03fa2e)] -> xpath: //body/div[1]/div[1]/div[2]/div[1]/div[1]/button[1]]
2024-07-02 23:07:63 INFO  AddCustomerPage :28 - click on add name[[ChromeDriver: chrome on windows (3c46555d6d91c7ed9cdaecf62e03fa2e)] -> xpath: //body/div[1]/div[1]/div[2]/div[1]/div[2]/div[1]/div[1]/form[1]/div[1]/input[1]]
2024-07-02 23:07:136 INFO  AddCustomerPage :38 - click on add name[[ChromeDriver: chrome on windows (3c46555d6d91c7ed9cdaecf62e03fa2e)] -> xpath: //body/div[1]/div[1]/div[2]/div[1]/div[2]/div[1]/div[1]/form[1]/div[2]/input[1]]
2024-07-02 23:07:218 INFO  AddCustomerPage :48 - click on add postcode[[ChromeDriver: chrome on windows (3c46555d6d91c7ed9cdaecf62e03fa2e)] -> xpath: //body/div[1]/div[1]/div[2]/div[1]/div[2]/div[1]/div[1]/form[1]/div[3]/input[1]]
2024-07-02 23:07:334 INFO  AddCustomerPage :58 - click on add button [[ChromeDriver: chrome on windows (3c46555d6d91c7ed9cdaecf62e03fa2e)] -> xpath: //body/div[1]/div[1]/div[2]/div[1]/div[2]/div[1]/div[1]/form[1]/button[1]]
2024-07-02 23:07:732 INFO  CustomerLoginPage :17 - click on customer[[ChromeDriver: chrome on windows (cb4e93f961e669477a225bb94c460082)] -> xpath: //button[contains(text(),'Customer Login')]]
2024-07-02 23:07:371 INFO  CustomerLoginPage :27 - search customer[[ChromeDriver: chrome on windows (cb4e93f961e669477a225bb94c460082)] -> xpath: //select[@id='userSelect']]
2024-07-02 23:07:428 INFO  CustomerLoginPage :37 - click on login [[ChromeDriver: chrome on windows (cb4e93f961e669477a225bb94c460082)] -> xpath: //button[contains(text(),'Login')]]
2024-07-02 23:07:449 INFO  CustomerLoginPage :46 - verify logout [[ChromeDriver: chrome on windows (cb4e93f961e669477a225bb94c460082)] -> xpath: //button[contains(text(),'Logout')]]
2024-07-02 23:07:40 INFO  CustomerLoginPage :57 - click on logout [[ChromeDriver: chrome on windows (cb4e93f961e669477a225bb94c460082)] -> xpath: //button[contains(text(),'Logout')]]
2024-07-02 23:07:85 INFO  CustomerLoginPage :67 - verify name [[ChromeDriver: chrome on windows (cb4e93f961e669477a225bb94c460082)] -> xpath: //label[contains(text(),'Your Name :')]]
2024-07-02 23:07:221 INFO  CustomerLoginPage :17 - click on customer[[ChromeDriver: chrome on windows (b638915589c5bfdacd7a6a49c8260470)] -> xpath: //button[contains(text(),'Customer Login')]]
2024-07-02 23:07:854 INFO  CustomerLoginPage :27 - search customer[[ChromeDriver: chrome on windows (b638915589c5bfdacd7a6a49c8260470)] -> xpath: //select[@id='userSelect']]
2024-07-02 23:07:909 INFO  CustomerLoginPage :37 - click on login [[ChromeDriver: chrome on windows (b638915589c5bfdacd7a6a49c8260470)] -> xpath: //button[contains(text(),'Login')]]
2024-07-02 23:07:494 INFO  AccountPage :36 - click on deoposit[[ChromeDriver: chrome on windows (b638915589c5bfdacd7a6a49c8260470)] -> xpath: //div[@ng-hide='noAccount']//button[2]]
2024-07-02 23:07:136 INFO  AccountPage :42 - click on deoposit[[ChromeDriver: chrome on windows (b638915589c5bfdacd7a6a49c8260470)] -> xpath: //div[@ng-hide='noAccount']//button[2]]
2024-07-02 23:07:207 INFO  AccountPage :48 - click on deoposit[[ChromeDriver: chrome on windows (b638915589c5bfdacd7a6a49c8260470)] -> xpath: //div[@ng-hide='noAccount']//button[2]]
2024-07-02 23:07:224 INFO  AccountPage :86 - verify transaction [[ChromeDriver: chrome on windows (b638915589c5bfdacd7a6a49c8260470)] -> xpath: //span[contains(text(),'Deposit Successful')]]
2024-07-02 23:07:423 INFO  BankManagerLoginPage :17 - click on login [[ChromeDriver: chrome on windows (c44a070f97cbeec9ee42231e5591d905)] -> xpath: //button[contains(text(),'Bank Manager Login')]]
2024-07-02 23:07:971 INFO  AddCustomerPage :18 - click on add customer[[ChromeDriver: chrome on windows (c44a070f97cbeec9ee42231e5591d905)] -> xpath: //body/div[1]/div[1]/div[2]/div[1]/div[1]/button[1]]
2024-07-02 23:07:565 INFO  AddCustomerPage :28 - click on add name[[ChromeDriver: chrome on windows (c44a070f97cbeec9ee42231e5591d905)] -> xpath: //body/div[1]/div[1]/div[2]/div[1]/div[2]/div[1]/div[1]/form[1]/div[1]/input[1]]
2024-07-02 23:07:653 INFO  AddCustomerPage :38 - click on add name[[ChromeDriver: chrome on windows (c44a070f97cbeec9ee42231e5591d905)] -> xpath: //body/div[1]/div[1]/div[2]/div[1]/div[2]/div[1]/div[1]/form[1]/div[2]/input[1]]
2024-07-02 23:07:827 INFO  AddCustomerPage :48 - click on add postcode[[ChromeDriver: chrome on windows (c44a070f97cbeec9ee42231e5591d905)] -> xpath: //body/div[1]/div[1]/div[2]/div[1]/div[2]/div[1]/div[1]/form[1]/div[3]/input[1]]
2024-07-02 23:07:892 INFO  AddCustomerPage :58 - click on add button [[ChromeDriver: chrome on windows (c44a070f97cbeec9ee42231e5591d905)] -> xpath: //body/div[1]/div[1]/div[2]/div[1]/div[2]/div[1]/div[1]/form[1]/button[1]]
2024-07-02 23:07:12 INFO  BankManagerLoginPage :17 - click on login [[ChromeDriver: chrome on windows (0c0a961628a80a8ad6a7bf9587b537cf)] -> xpath: //button[contains(text(),'Bank Manager Login')]]
2024-07-02 23:07:613 INFO  OpenAccountPage :30 - click on open account[[ChromeDriver: chrome on windows (0c0a961628a80a8ad6a7bf9587b537cf)] -> xpath: //body/div[1]/div[1]/div[2]/div[1]/div[1]/button[2]]
2024-07-02 23:07:288 INFO  OpenAccountPage :36 - Select customer[[ChromeDriver: chrome on windows (0c0a961628a80a8ad6a7bf9587b537cf)] -> id: userSelect]
2024-07-02 23:07:412 INFO  OpenAccountPage :42 - Select currency[[ChromeDriver: chrome on windows (0c0a961628a80a8ad6a7bf9587b537cf)] -> id: currency]
2024-07-02 23:07:475 INFO  OpenAccountPage :48 - click on button [[ChromeDriver: chrome on windows (0c0a961628a80a8ad6a7bf9587b537cf)] -> xpath: //button[contains(text(),'Process')]]
2024-07-02 23:07:07 INFO  CustomerLoginPage :17 - click on customer[[ChromeDriver: chrome on windows (72962a68eb586a61ed0071d9dd3ff160)] -> xpath: //button[contains(text(),'Customer Login')]]
2024-07-02 23:07:651 INFO  CustomerLoginPage :27 - search customer[[ChromeDriver: chrome on windows (72962a68eb586a61ed0071d9dd3ff160)] -> xpath: //select[@id='userSelect']]
2024-07-02 23:07:172 INFO  CustomerLoginPage :17 - click on customer[[ChromeDriver: chrome on windows (4498e644bd52d81b4cb01c709041e107)] -> xpath: //button[contains(text(),'Customer Login')]]
2024-07-02 23:07:803 INFO  CustomerLoginPage :27 - search customer[[ChromeDriver: chrome on windows (4498e644bd52d81b4cb01c709041e107)] -> xpath: //select[@id='userSelect']]
2024-07-02 23:07:864 INFO  CustomerLoginPage :37 - click on login [[ChromeDriver: chrome on windows (4498e644bd52d81b4cb01c709041e107)] -> xpath: //button[contains(text(),'Login')]]
2024-07-02 23:07:560 INFO  AccountPage :54 - click on deoposit[[ChromeDriver: chrome on windows (4498e644bd52d81b4cb01c709041e107)] -> xpath: //div[@ng-hide='noAccount']//button[2]]
2024-07-02 23:07:192 INFO  AccountPage :64 - withdraw amount [[ChromeDriver: chrome on windows (4498e644bd52d81b4cb01c709041e107)] -> tag name: input]
2024-07-02 23:07:260 INFO  AccountPage :76 - click on withdraw[[ChromeDriver: chrome on windows (4498e644bd52d81b4cb01c709041e107)] -> xpath: //body/div[1]/div[1]/div[2]/div[1]/div[4]/div[1]/form[1]/button[1]]
2024-07-02 23:07:285 INFO  AccountPage :96 - verify transaction [[ChromeDriver: chrome on windows (4498e644bd52d81b4cb01c709041e107)] -> xpath: //span[contains(text(),'Transaction successful')]]
2024-07-02 23:07:428 INFO  CustomerLoginPage :17 - click on customer[[ChromeDriver: chrome on windows (b2b288366bac963828f31c9ac6831907)] -> xpath: //button[contains(text(),'Customer Login')]]
2024-07-02 23:07:102 INFO  CustomerLoginPage :27 - search customer[[ChromeDriver: chrome on windows (b2b288366bac963828f31c9ac6831907)] -> xpath: //select[@id='userSelect']]
2024-07-02 23:07:158 INFO  CustomerLoginPage :37 - click on login [[ChromeDriver: chrome on windows (b2b288366bac963828f31c9ac6831907)] -> xpath: //button[contains(text(),'Login')]]
2024-07-02 23:07:182 INFO  CustomerLoginPage :46 - verify logout [[ChromeDriver: chrome on windows (b2b288366bac963828f31c9ac6831907)] -> xpath: //button[contains(text(),'Logout')]]
2024-07-02 23:07:750 INFO  CustomerLoginPage :57 - click on logout [[ChromeDriver: chrome on windows (b2b288366bac963828f31c9ac6831907)] -> xpath: //button[contains(text(),'Logout')]]
2024-07-02 23:07:814 INFO  CustomerLoginPage :67 - verify name [[ChromeDriver: chrome on windows (b2b288366bac963828f31c9ac6831907)] -> xpath: //label[contains(text(),'Your Name :')]]
2024-07-02 23:07:877 INFO  CustomerLoginPage :17 - click on customer[[ChromeDriver: chrome on windows (6314a878bde8203423dba1b4385cff3f)] -> xpath: //button[contains(text(),'Customer Login')]]
2024-07-02 23:07:501 INFO  CustomerLoginPage :27 - search customer[[ChromeDriver: chrome on windows (6314a878bde8203423dba1b4385cff3f)] -> xpath: //select[@id='userSelect']]
2024-07-02 23:07:553 INFO  CustomerLoginPage :37 - click on login [[ChromeDriver: chrome on windows (6314a878bde8203423dba1b4385cff3f)] -> xpath: //button[contains(text(),'Login')]]
2024-07-02 23:07:116 INFO  AccountPage :36 - click on deoposit[[ChromeDriver: chrome on windows (6314a878bde8203423dba1b4385cff3f)] -> xpath: //div[@ng-hide='noAccount']//button[2]]
2024-07-02 23:07:767 INFO  AccountPage :42 - click on deoposit[[ChromeDriver: chrome on windows (6314a878bde8203423dba1b4385cff3f)] -> xpath: //div[@ng-hide='noAccount']//button[2]]
2024-07-02 23:07:857 INFO  AccountPage :48 - click on deoposit[[ChromeDriver: chrome on windows (6314a878bde8203423dba1b4385cff3f)] -> xpath: //div[@ng-hide='noAccount']//button[2]]
2024-07-02 23:07:875 INFO  AccountPage :86 - verify transaction [[ChromeDriver: chrome on windows (6314a878bde8203423dba1b4385cff3f)] -> xpath: //span[contains(text(),'Deposit Successful')]]
2024-07-02 23:07:861 INFO  CustomerLoginPage :17 - click on customer[[ChromeDriver: chrome on windows (2709042d7038bab19931a66bad34a67b)] -> xpath: //button[contains(text(),'Customer Login')]]
2024-07-02 23:07:528 INFO  CustomerLoginPage :27 - search customer[[ChromeDriver: chrome on windows (2709042d7038bab19931a66bad34a67b)] -> xpath: //select[@id='userSelect']]
2024-07-02 23:07:598 INFO  CustomerLoginPage :37 - click on login [[ChromeDriver: chrome on windows (2709042d7038bab19931a66bad34a67b)] -> xpath: //button[contains(text(),'Login')]]
2024-07-02 23:07:178 INFO  AccountPage :54 - click on deoposit[[ChromeDriver: chrome on windows (2709042d7038bab19931a66bad34a67b)] -> xpath: //div[@ng-hide='noAccount']//button[2]]
2024-07-02 23:07:801 INFO  AccountPage :64 - withdraw amount [[ChromeDriver: chrome on windows (2709042d7038bab19931a66bad34a67b)] -> tag name: input]
2024-07-02 23:07:850 INFO  AccountPage :76 - click on withdraw[[ChromeDriver: chrome on windows (2709042d7038bab19931a66bad34a67b)] -> xpath: //body/div[1]/div[1]/div[2]/div[1]/div[4]/div[1]/form[1]/button[1]]
2024-07-02 23:07:867 INFO  AccountPage :96 - verify transaction [[ChromeDriver: chrome on windows (2709042d7038bab19931a66bad34a67b)] -> xpath: //span[contains(text(),'Transaction successful')]]
2024-07-02 23:07:839 INFO  BankManagerLoginPage :17 - click on login [[ChromeDriver: chrome on windows (46a39516e4b1ddf223c0d213f4b2d9e7)] -> xpath: //button[contains(text(),'Bank Manager Login')]]
2024-07-02 23:07:393 INFO  AddCustomerPage :18 - click on add customer[[ChromeDriver: chrome on windows (46a39516e4b1ddf223c0d213f4b2d9e7)] -> xpath: //body/div[1]/div[1]/div[2]/div[1]/div[1]/button[1]]
2024-07-02 23:07:79 INFO  AddCustomerPage :28 - click on add name[[ChromeDriver: chrome on windows (46a39516e4b1ddf223c0d213f4b2d9e7)] -> xpath: //body/div[1]/div[1]/div[2]/div[1]/div[2]/div[1]/div[1]/form[1]/div[1]/input[1]]
2024-07-02 23:07:166 INFO  AddCustomerPage :38 - click on add name[[ChromeDriver: chrome on windows (46a39516e4b1ddf223c0d213f4b2d9e7)] -> xpath: //body/div[1]/div[1]/div[2]/div[1]/div[2]/div[1]/div[1]/form[1]/div[2]/input[1]]
2024-07-02 23:07:269 INFO  AddCustomerPage :48 - click on add postcode[[ChromeDriver: chrome on windows (46a39516e4b1ddf223c0d213f4b2d9e7)] -> xpath: //body/div[1]/div[1]/div[2]/div[1]/div[2]/div[1]/div[1]/form[1]/div[3]/input[1]]
2024-07-02 23:07:351 INFO  AddCustomerPage :58 - click on add button [[ChromeDriver: chrome on windows (46a39516e4b1ddf223c0d213f4b2d9e7)] -> xpath: //body/div[1]/div[1]/div[2]/div[1]/div[2]/div[1]/div[1]/form[1]/button[1]]
2024-07-02 23:07:271 INFO  BankManagerLoginPage :17 - click on login [[ChromeDriver: chrome on windows (190e8dad8c3b405454397c655e787d46)] -> xpath: //button[contains(text(),'Bank Manager Login')]]
2024-07-02 23:07:818 INFO  OpenAccountPage :30 - click on open account[[ChromeDriver: chrome on windows (190e8dad8c3b405454397c655e787d46)] -> xpath: //body/div[1]/div[1]/div[2]/div[1]/div[1]/button[2]]
2024-07-02 23:07:498 INFO  OpenAccountPage :36 - Select customer[[ChromeDriver: chrome on windows (190e8dad8c3b405454397c655e787d46)] -> id: userSelect]
2024-07-02 23:07:645 INFO  OpenAccountPage :42 - Select currency[[ChromeDriver: chrome on windows (190e8dad8c3b405454397c655e787d46)] -> id: currency]
2024-07-02 23:07:724 INFO  OpenAccountPage :48 - click on button [[ChromeDriver: chrome on windows (190e8dad8c3b405454397c655e787d46)] -> xpath: //button[contains(text(),'Process')]]
